<?xml version="1.0" encoding="UTF-8"?>
<testng-results ignored="0" total="1" passed="1" failed="0" skipped="0">
  <reporter-output>
  </reporter-output>
  <suite started-at="2023-07-22T12:30:43 IST" name="Default suite" finished-at="2023-07-22T12:30:53 IST" duration-ms="9512">
    <groups>
    </groups>
    <test started-at="2023-07-22T12:30:43 IST" name="Default test" finished-at="2023-07-22T12:30:53 IST" duration-ms="9512">
      <class name="com.trello.qspiders.endtoend.TrelloCards">
        <test-method is-config="true" signature="configBeforeMethod()[pri:0, instance:com.trello.qspiders.endtoend.TrelloCards@7722c3c3]" started-at="2023-07-22T12:30:43 IST" name="configBeforeMethod" finished-at="2023-07-22T12:30:48 IST" duration-ms="4203" status="PASS">
          <reporter-output>
          </reporter-output>
        </test-method> <!-- configBeforeMethod -->
        <test-method signature="createMultipleCardsInSameList()[pri:0, instance:com.trello.qspiders.endtoend.TrelloCards@7722c3c3]" started-at="2023-07-22T12:30:48 IST" name="createMultipleCardsInSameList" finished-at="2023-07-22T12:30:52 IST" duration-ms="4714" status="PASS">
          <reporter-output>
          </reporter-output>
        </test-method> <!-- createMultipleCardsInSameList -->
        <test-method is-config="true" signature="configAfterMethod()[pri:0, instance:com.trello.qspiders.endtoend.TrelloCards@7722c3c3]" started-at="2023-07-22T12:30:52 IST" name="configAfterMethod" finished-at="2023-07-22T12:30:53 IST" duration-ms="557" status="PASS">
          <reporter-output>
          </reporter-output>
        </test-method> <!-- configAfterMethod -->
      </class> <!-- com.trello.qspiders.endtoend.TrelloCards -->
    </test> <!-- Default test -->
  </suite> <!-- Default suite -->
</testng-results>
